<?xml version="1.0" encoding="UTF-8"?>
<testng-results ignored="0" total="5" passed="5" failed="0" skipped="0">
  <reporter-output>
  </reporter-output>
  <suite started-at="2023-11-03T17:25:42 IST" name="Surefire suite" finished-at="2023-11-03T17:25:42 IST" duration-ms="207">
    <groups>
    </groups>
    <test started-at="2023-11-03T17:25:42 IST" name="Surefire test" finished-at="2023-11-03T17:25:42 IST" duration-ms="207">
      <class name="cse.UserValidationTest">
        <test-method signature="testCase1()[pri:0, instance:cse.UserValidationTest@12d3a4e9]" started-at="2023-11-03T17:25:42 IST" name="testCase1" finished-at="2023-11-03T17:25:42 IST" duration-ms="54" status="PASS">
          <reporter-output>
          </reporter-output>
        </test-method> <!-- testCase1 -->
        <test-method signature="testCase2()[pri:0, instance:cse.UserValidationTest@12d3a4e9]" started-at="2023-11-03T17:25:42 IST" name="testCase2" finished-at="2023-11-03T17:25:42 IST" duration-ms="2" status="PASS">
          <reporter-output>
          </reporter-output>
        </test-method> <!-- testCase2 -->
        <test-method signature="testCase3()[pri:0, instance:cse.UserValidationTest@12d3a4e9]" started-at="2023-11-03T17:25:42 IST" name="testCase3" finished-at="2023-11-03T17:25:42 IST" duration-ms="1" status="PASS">
          <reporter-output>
          </reporter-output>
        </test-method> <!-- testCase3 -->
        <test-method signature="testCase4()[pri:0, instance:cse.UserValidationTest@12d3a4e9]" started-at="2023-11-03T17:25:42 IST" name="testCase4" finished-at="2023-11-03T17:25:42 IST" duration-ms="1" status="PASS">
          <reporter-output>
          </reporter-output>
        </test-method> <!-- testCase4 -->
        <test-method signature="testCase5()[pri:0, instance:cse.UserValidationTest@12d3a4e9]" started-at="2023-11-03T17:25:42 IST" name="testCase5" finished-at="2023-11-03T17:25:42 IST" duration-ms="2" status="PASS">
          <reporter-output>
          </reporter-output>
        </test-method> <!-- testCase5 -->
      </class> <!-- cse.UserValidationTest -->
    </test> <!-- Surefire test -->
  </suite> <!-- Surefire suite -->
</testng-results>
